<?xml version="1.0" encoding="UTF-8"?>
<!-- Generated by org.testng.reporters.JUnitReportReporter -->
<testsuite hostname="Talib" failures="0" tests="1" name="com.demoBankingV1.testCases.TC_EditCustomerTest_004" time="12.415" errors="0" timestamp="2023-08-26T09:51:46 IST" skipped="0">
  <testcase classname="com.demoBankingV1.testCases.TC_EditCustomerTest_004" name="editCustoer" time="12.415"/>
  <system-out/>
</testsuite> <!-- com.demoBankingV1.testCases.TC_EditCustomerTest_004 -->
