<?xml version="1.0" encoding="UTF-8"?>
<!-- Generated by org.testng.reporters.JUnitReportReporter -->
<testsuite hostname="Talib" failures="0" tests="1" name="com.demoBankingV1.testCases.TC_EditCustomerTest_004" time="26.471" errors="0" timestamp="2023-11-20T21:32:58 IST" skipped="0">
  <testcase classname="com.demoBankingV1.testCases.TC_EditCustomerTest_004" name="editCustomer" time="26.471"/>
  <system-out/>
</testsuite> <!-- com.demoBankingV1.testCases.TC_EditCustomerTest_004 -->
