<?xml version="1.0" encoding="UTF-8"?>
<!-- Generated by org.testng.reporters.JUnitReportReporter -->
<testsuite hostname="Talib" failures="0" tests="1" name="com.demoBankingV1.testCases.TC_AddCustomerTest_003" time="19.283" errors="0" timestamp="2023-08-26T09:51:46 IST" skipped="0">
  <testcase classname="com.demoBankingV1.testCases.TC_AddCustomerTest_003" name="addNewCustomer" time="19.283"/>
  <system-out/>
</testsuite> <!-- com.demoBankingV1.testCases.TC_AddCustomerTest_003 -->
