<?xml version="1.0" encoding="UTF-8"?>
<!-- Generated by org.testng.reporters.JUnitReportReporter -->
<testsuite hostname="Talib" failures="0" tests="1" name="com.demoBankingV1.testCases.TC_LoginTest_001" time="1.780" errors="0" timestamp="2023-08-20T08:13:04 IST" skipped="0">
  <testcase classname="com.demoBankingV1.testCases.TC_LoginTest_001" name="loginTest" time="1.780"/>
  <system-out/>
</testsuite> <!-- com.demoBankingV1.testCases.TC_LoginTest_001 -->
