<?xml version="1.0" encoding="UTF-8"?>
<!-- Generated by org.testng.reporters.JUnitReportReporter -->
<testsuite hostname="Talib" failures="0" tests="1" name="com.demoBankingV1.testCases.TC_AddCustomerTest_003" time="21.082" errors="0" timestamp="2024-08-15T14:04:13 IST" skipped="0">
  <testcase classname="com.demoBankingV1.testCases.TC_AddCustomerTest_003" name="addNewCustomer" time="21.082"/>
  <system-out/>
</testsuite> <!-- com.demoBankingV1.testCases.TC_AddCustomerTest_003 -->
