<?xml version="1.0" encoding="UTF-8"?>
<!-- Generated by org.testng.reporters.JUnitReportReporter -->
<testsuite hostname="Talib" failures="0" tests="1" name="com.demoBankingV1.testCases.TC_AddCustomerTest_003" time="30.236" errors="0" timestamp="2023-08-20T16:03:34 IST" skipped="0">
  <testcase classname="com.demoBankingV1.testCases.TC_AddCustomerTest_003" name="addNewCustomer" time="30.236"/>
  <system-out/>
</testsuite> <!-- com.demoBankingV1.testCases.TC_AddCustomerTest_003 -->
