<?xml version="1.0" encoding="UTF-8"?>
<!-- Generated by org.testng.reporters.JUnitReportReporter -->
<testsuite hostname="Talib" failures="0" tests="4" name="com.demoBankingV1.testCases.TC_LoginDDT_002" time="17.998" errors="0" timestamp="2023-08-26T09:51:46 IST" skipped="0">
  <testcase classname="com.demoBankingV1.testCases.TC_LoginDDT_002" name="loginDDT" time="3.888"/>
  <system-out/>
  <testcase classname="com.demoBankingV1.testCases.TC_LoginDDT_002" name="loginDDT" time="4.375"/>
  <system-out/>
  <testcase classname="com.demoBankingV1.testCases.TC_LoginDDT_002" name="loginDDT" time="5.601"/>
  <system-out/>
  <testcase classname="com.demoBankingV1.testCases.TC_LoginDDT_002" name="loginDDT" time="4.134"/>
  <system-out/>
</testsuite> <!-- com.demoBankingV1.testCases.TC_LoginDDT_002 -->
