<?xml version="1.0" encoding="UTF-8"?>
<!-- Generated by org.testng.reporters.JUnitReportReporter -->
<testsuite hostname="Talib" failures="0" tests="4" name="com.demoBankingV1.testCases.TC_LoginDDT_002" time="18.332" errors="0" timestamp="2023-08-20T08:13:04 IST" skipped="0">
  <testcase classname="com.demoBankingV1.testCases.TC_LoginDDT_002" name="loginDDT" time="5.519"/>
  <system-out/>
  <testcase classname="com.demoBankingV1.testCases.TC_LoginDDT_002" name="loginDDT" time="4.392"/>
  <system-out/>
  <testcase classname="com.demoBankingV1.testCases.TC_LoginDDT_002" name="loginDDT" time="4.459"/>
  <system-out/>
  <testcase classname="com.demoBankingV1.testCases.TC_LoginDDT_002" name="loginDDT" time="3.962"/>
  <system-out/>
</testsuite> <!-- com.demoBankingV1.testCases.TC_LoginDDT_002 -->
