<?xml version="1.0" encoding="UTF-8"?>
<!-- Generated by org.testng.reporters.JUnitReportReporter -->
<testsuite hostname="Talib" failures="0" tests="1" name="com.demoBankingV1.testCases.TC_AddCustomerTest_003" time="18.089" errors="0" timestamp="2023-09-17T08:54:10 IST" skipped="0">
  <testcase classname="com.demoBankingV1.testCases.TC_AddCustomerTest_003" name="addNewCustomer" time="18.089"/>
  <system-out/>
</testsuite> <!-- com.demoBankingV1.testCases.TC_AddCustomerTest_003 -->
