<?xml version="1.0" encoding="UTF-8"?>
<!-- Generated by org.testng.reporters.JUnitReportReporter -->
<testsuite hostname="Talib" failures="0" tests="1" name="com.demoBankingV1.testCases.TC_EditCustomerValidTest_005" time="9.215" errors="0" timestamp="2023-08-26T11:08:19 IST" skipped="0">
  <testcase classname="com.demoBankingV1.testCases.TC_EditCustomerValidTest_005" name="editCustomerValid" time="9.215"/>
  <system-out/>
</testsuite> <!-- com.demoBankingV1.testCases.TC_EditCustomerValidTest_005 -->
