<?xml version="1.0" encoding="UTF-8"?>
<!-- Generated by org.testng.reporters.JUnitReportReporter -->
<testsuite hostname="Talib" failures="0" tests="1" name="com.demoBankingV1.testCases.TC_EditCustomerTest_004" time="9.601" errors="0" timestamp="2023-09-17T08:54:52 IST" skipped="0">
  <testcase classname="com.demoBankingV1.testCases.TC_EditCustomerTest_004" name="editCustomer" time="9.601"/>
  <system-out/>
</testsuite> <!-- com.demoBankingV1.testCases.TC_EditCustomerTest_004 -->
