<?xml version="1.0" encoding="UTF-8"?>
<!-- Generated by org.testng.reporters.JUnitReportReporter -->
<testsuite hostname="Talib" failures="0" tests="4" name="com.demoBankingV1.testCases.TC_LoginDDT_002" time="22.145" errors="0" timestamp="2023-09-17T08:53:21 IST" skipped="0">
  <testcase classname="com.demoBankingV1.testCases.TC_LoginDDT_002" name="loginDDT" time="4.346"/>
  <system-out/>
  <testcase classname="com.demoBankingV1.testCases.TC_LoginDDT_002" name="loginDDT" time="3.590"/>
  <system-out/>
  <testcase classname="com.demoBankingV1.testCases.TC_LoginDDT_002" name="loginDDT" time="4.541"/>
  <system-out/>
  <testcase classname="com.demoBankingV1.testCases.TC_LoginDDT_002" name="loginDDT" time="9.668"/>
  <system-out/>
</testsuite> <!-- com.demoBankingV1.testCases.TC_LoginDDT_002 -->
