<?xml version="1.0" encoding="UTF-8"?>
<!-- Generated by org.testng.reporters.JUnitReportReporter -->
<testsuite hostname="Talib" failures="0" tests="1" name="com.demoBankingV1.testCases.TC_AddCustomerTest_003" time="23.341" errors="0" timestamp="2024-01-24T21:30:58 IST" skipped="0">
  <testcase classname="com.demoBankingV1.testCases.TC_AddCustomerTest_003" name="addNewCustomer" time="23.341"/>
  <system-out/>
</testsuite> <!-- com.demoBankingV1.testCases.TC_AddCustomerTest_003 -->
