<?xml version="1.0" encoding="UTF-8"?>
<!-- Generated by org.testng.reporters.JUnitReportReporter -->
<testsuite hostname="Talib" failures="0" tests="1" name="com.demoBankingV1.testCases.TC_LoginTest_001" time="2.042" errors="0" timestamp="2023-08-20T16:12:39 IST" skipped="0">
  <testcase classname="com.demoBankingV1.testCases.TC_LoginTest_001" name="loginTest" time="2.042"/>
  <system-out/>
</testsuite> <!-- com.demoBankingV1.testCases.TC_LoginTest_001 -->
