<?xml version="1.0" encoding="UTF-8"?>
<!-- Generated by org.testng.reporters.JUnitReportReporter -->
<testsuite hostname="Talib" failures="0" tests="1" name="com.demoBankingV1.testCases.TC_LoginTest_001" time="3.466" errors="0" timestamp="2023-09-03T17:19:52 IST" skipped="0">
  <testcase classname="com.demoBankingV1.testCases.TC_LoginTest_001" name="loginTest" time="3.466"/>
  <system-out/>
</testsuite> <!-- com.demoBankingV1.testCases.TC_LoginTest_001 -->
